StripeInvalidRequestError: Missing required param: cancel_url.
    at Function.generate (/opt/lampp/htdocs/ignite-aulas/reactjs/ignews/node_modules/stripe/lib/Error.js:40:16)
    at IncomingMessage.<anonymous> (/opt/lampp/htdocs/ignite-aulas/reactjs/ignews/node_modules/stripe/lib/StripeResource.js:180:33)
    at Object.onceWrapper (events.js:421:28)
    at IncomingMessage.emit (events.js:327:22)
    at endReadableNT (internal/streams/readable.js:1327:12)
    at processTicksAndRejections (internal/process/task_queues.js:80:21) {
  type: 'StripeInvalidRequestError',
  raw: {
    code: 'parameter_missing',
    doc_url: 'https://stripe.com/docs/error-codes/parameter-missing',
    message: 'Missing required param: cancel_url.',
    param: 'cancel_url',
    type: 'invalid_request_error',
    headers: {
      server: 'nginx',
      date: 'Thu, 10 Jun 2021 14:25:48 GMT',
      'content-type': 'application/json',
      'content-length': '243',
      connection: 'keep-alive',
      'access-control-allow-credentials': 'true',
      'access-control-allow-methods': 'GET, POST, HEAD, OPTIONS, DELETE',
      'access-control-allow-origin': '*',
      'access-control-expose-headers': 'Request-Id, Stripe-Manage-Version, X-Stripe-External-Auth-Required, X-Stripe-Privileged-Session-Required',
      'access-control-max-age': '300',
      'cache-control': 'no-cache, no-store',
      'request-id': 'req_lWV2wysBKrcpCt',
      'stripe-version': '2020-08-27',
      'x-stripe-c-cost': '0',
      'strict-transport-security': 'max-age=31556926; includeSubDomains; preload'
    },
    statusCode: 400,
    requestId: 'req_lWV2wysBKrcpCt'
  },
  rawType: 'invalid_request_error',
  code: 'parameter_missing',
  doc_url: 'https://stripe.com/docs/error-codes/parameter-missing',
  param: 'cancel_url',
  detail: undefined,
  headers: {
    server: 'nginx',
    date: 'Thu, 10 Jun 2021 14:25:48 GMT',
    'content-type': 'application/json',
    'content-length': '243',
    connection: 'keep-alive',
    'access-control-allow-credentials': 'true',
    'access-control-allow-methods': 'GET, POST, HEAD, OPTIONS, DELETE',
    'access-control-allow-origin': '*',
    'access-control-expose-headers': 'Request-Id, Stripe-Manage-Version, X-Stripe-External-Auth-Required, X-Stripe-Privileged-Session-Required',
    'access-control-max-age': '300',
    'cache-control': 'no-cache, no-store',
    'request-id': 'req_lWV2wysBKrcpCt',
    'stripe-version': '2020-08-27',
    'x-stripe-c-cost': '0',
    'strict-transport-security': 'max-age=31556926; includeSubDomains; preload'
  },
  requestId: 'req_lWV2wysBKrcpCt',
  statusCode: 400,
  charge: undefined,
  decline_code: undefined,
  payment_intent: undefined,
  payment_method: undefined,
  payment_method_type: undefined,
  setup_intent: undefined,
  source: undefined
}
